Build started 2015-06-06 오후 11:02:27.
     1>Project "C:\Users\dong geon\documents\visual studio 2013\Projects\테스트\테스트\테스트.vcxproj" on node 2 (Build target(s)).
     1>ClCompile:
         C:\Program Files (x86)\Microsoft Visual Studio 12.0\VC\bin\CL.exe /c /ZI /nologo /W3 /WX- /Od /Oy- /D WIN32 /D _DEBUG /D _CONSOLE /D _LIB /D _UNICODE /D UNICODE /Gm /EHsc /RTC1 /MDd /GS /fp:precise /Zc:wchar_t /Zc:forScope /Fo"Debug\\" /Fd"Debug\vc120.pdb" /Gd /TP /analyze- /errorReport:prompt "테스트.cpp"
         테스트.cpp
     1>c:\users\dong geon\documents\visual studio 2013\projects\테스트\테스트\테스트.cpp(42): warning C4996: 'gets': This function or variable may be unsafe. Consider using gets_s instead. To disable deprecation, use _CRT_SECURE_NO_WARNINGS. See online help for details.
                 c:\program files (x86)\microsoft visual studio 12.0\vc\include\stdio.h(254) : see declaration of 'gets'
     1>c:\users\dong geon\documents\visual studio 2013\projects\테스트\테스트\테스트.cpp(103): error C2660: 'sort_name' : function does not take 4 arguments
     1>c:\users\dong geon\documents\visual studio 2013\projects\테스트\테스트\테스트.cpp(122): error C2660: 'sort_num' : function does not take 4 arguments
     1>Done Building Project "C:\Users\dong geon\documents\visual studio 2013\Projects\테스트\테스트\테스트.vcxproj" (Build target(s)) -- FAILED.

Build FAILED.

Time Elapsed 00:00:00.18
