Build started 2015-04-13 오후 8:36:18.
     1>Project "C:\Users\dong geon\Documents\Visual Studio 2013\Projects\스터디 수업 4.6\스터디 수업 4.6\스터디 수업 4.6.vcxproj" on node 2 (Build target(s)).
     1>ClCompile:
         C:\Program Files (x86)\Microsoft Visual Studio 12.0\VC\bin\CL.exe /c /ZI /nologo /W3 /WX- /Od /Oy- /D WIN32 /D _DEBUG /D _CONSOLE /D _LIB /D _UNICODE /D UNICODE /Gm /EHsc /RTC1 /MDd /GS /fp:precise /Zc:wchar_t /Zc:forScope /Fo"Debug\\" /Fd"Debug\vc120.pdb" /Gd /TP /analyze- /errorReport:prompt "study 4.6 - 1.cpp"
         study 4.6 - 1.cpp
     1>c:\users\dong geon\documents\visual studio 2013\projects\스터디 수업 4.6\스터디 수업 4.6\study 4.6 - 1.cpp(86): error C2601: 'main' : local function definitions are illegal
                 c:\users\dong geon\documents\visual studio 2013\projects\스터디 수업 4.6\스터디 수업 4.6\study 4.6 - 1.cpp(73): this line contains a '{' which has not yet been matched
     1>c:\users\dong geon\documents\visual studio 2013\projects\스터디 수업 4.6\스터디 수업 4.6\study 4.6 - 1.cpp(97): fatal error C1075: end of file found before the left brace '{' at 'c:\users\dong geon\documents\visual studio 2013\projects\스터디 수업 4.6\스터디 수업 4.6\study 4.6 - 1.cpp(73)' was matched
     1>Done Building Project "C:\Users\dong geon\Documents\Visual Studio 2013\Projects\스터디 수업 4.6\스터디 수업 4.6\스터디 수업 4.6.vcxproj" (Build target(s)) -- FAILED.

Build FAILED.

Time Elapsed 00:00:00.17
